IQ-TREE multicore version 2.2.0.3 COVID-edition for Linux 64-bit built Aug  2 2022
Developed by Bui Quang Minh, James Barbetti, Nguyen Lam Tung,
Olga Chernomor, Heiko Schmidt, Dominik Schrempf, Michael Woodhams, Ly Trong Nhan.

Host:    WPIA-DIDELT338 (AVX2, FMA3, 12 GB RAM)
Command: iqtree -nt 4 -s NCBIVirus_YFVSelectAlignedTrimmedSeqs.fasta -m GTR+F+I+G4 -alrt 1000
Seed:    732574 (Using SPRNG - Scalable Parallel Random Number Generator)
Time:    Tue Sep 13 12:13:15 2022
Kernel:  AVX+FMA - 4 threads (8 CPU cores detected)

Reading alignment file NCBIVirus_YFVSelectAlignedTrimmedSeqs.fasta ... Fasta format detected
Reading fasta file: done in 0.18135 secs using 47.06% CPU
Alignment most likely contains DNA/RNA sequences
Constructing alignment: done in 0.0395849 secs using 72.08% CPU
Alignment has 322 sequences with 10236 columns, 4169 distinct patterns
2287 parsimony-informative, 635 singleton sites, 7313 constant sites
                                             Gap/Ambiguity  Composition  p-value
Analyzing sequences: done in 0.0018453 secs using 290.9% CPU
   1  MZ712135|Brazil|NHP|2021-03-08                 0.63%    passed     99.86%
   2  MZ712127|Brazil|NHP|2021-03-04                 0.63%    passed     99.94%
   3  MZ712138|Brazil|NHP|2021-03-03                 0.63%    passed     99.99%
   4  MZ712137|Brazil|NHP|2021-02-26                 0.63%    passed    100.00%
   5  MZ712133|Brazil|NHP|2021-02-25                 0.63%    passed     99.97%
   6  MZ712134|Brazil|NHP|2021-02-25                 0.63%    passed     99.99%
   7  MZ712132|Brazil|NHP|2021-02-24                 0.63%    passed     99.98%
   8  MZ712149|Brazil|NHP|2021-02-24                 0.63%    passed     99.98%
   9  MZ712128|Brazil|NHP|2021-02-22                 0.63%    passed     99.96%
  10  MZ712129|Brazil|NHP|2021-02-22                 0.63%    passed     99.94%
  11  MZ712130|Brazil|NHP|2021-02-22                10.55%    passed     95.11%
  12  MZ712147|Brazil|NHP|2021-02-22                 0.63%    passed     99.99%
  13  MZ712148|Brazil|NHP|2021-02-22                 0.63%    passed     99.96%
  14  MZ712139|Brazil|NHP|2021-02-20                 0.63%    passed     99.90%
  15  MZ712131|Brazil|NHP|2021-02-19                 0.63%    passed     99.98%
  16  MZ712145|Brazil|NHP|2021-02-19                 0.63%    passed     99.61%
  17  MZ712146|Brazil|NHP|2021-02-19                 0.63%    passed     99.92%
  18  MZ712144|Brazil|NHP|2021-02-11                 0.63%    passed     99.92%
  19  MZ712136|Brazil|NHP|2021-02-08                 0.63%    passed     99.86%
  20  MZ712143|Brazil|NHP|2021-02-08                 0.63%    passed     99.98%
  21  MZ712141|Brazil|NHP|2021-02-03                 0.63%    passed     99.86%
  22  MZ712142|Brazil|NHP|2021-02-03                 0.63%    passed     99.96%
  23  MZ712140|Brazil|NHP|2021-01-25                 0.70%    passed     99.98%
  24  MN737509|Brazil|Unknown|2019-11-21             0.02%    passed     75.09%
  25  MW308135|Brazil|Human|2019-01-20               0.20%    passed     99.66%
  26  MK533792|Brazil|NHP|2019-01-10                 0.00%    passed     99.84%
  27  MW308134|Brazil|Human|2018-10-26               0.00%    passed     99.86%
  28  MK882600|Brazil|Human|2018-04-24              10.03%    passed     96.48%
  29  MK882603|Brazil|Human|2018-04-24               0.65%    passed     99.98%
  30  MK583181|Brazil|Human|2018-03-27               0.00%    passed     99.95%
  31  MK583180|Brazil|Human|2018-03-14               0.00%    passed     99.95%
  32  MK583182|Brazil|Human|2018-03-14               0.00%    passed     99.90%
  33  MK583179|Brazil|Human|2018-03-11               0.00%    passed     99.66%
  34  MK583178|Brazil|Human|2018-03-10               0.00%    passed     99.91%
  35  MK583177|Brazil|Human|2018-03-04               0.00%    passed     99.95%
  36  MK583175|Brazil|Human|2018-02-27               0.00%    passed     99.83%
  37  MK583176|Brazil|Human|2018-02-27               0.00%    passed     99.86%
  38  MN643083|Brazil|Human|2018-02-25               0.00%    passed     99.96%
  39  MN643084|Brazil|Human|2018-02-25               0.00%    passed     99.96%
  40  MK583174|Brazil|Human|2018-02-24               0.00%    passed     99.96%
  41  MK583173|Brazil|Human|2018-02-23               0.00%    passed     99.97%
  42  MN643081|Brazil|Human|2018-02-19               0.00%    passed     99.96%
  43  MK583172|Brazil|Human|2018-02-19               0.00%    passed     99.93%
  44  MK583169|Brazil|Human|2018-02-18               0.00%    passed     99.99%
  45  MK583170|Brazil|Human|2018-02-18               0.00%    passed     99.93%
  46  MK583171|Brazil|Human|2018-02-18               0.00%    passed     99.96%
  47  MN643080|Brazil|Human|2018-02-17               0.00%    passed     99.93%
  48  MN643082|Brazil|Human|2018-02-16               0.00%    passed    100.00%
  49  MN643086|Brazil|Human|2018-02-14               0.00%    passed     99.91%
  50  MN643087|Brazil|Human|2018-02-13               0.00%    passed     99.97%
  51  MN643085|Brazil|Human|2018-02-11               0.00%    passed     99.98%
  52  MK583167|Brazil|Human|2018-02-11               0.00%    passed     99.83%
  53  MK583168|Brazil|Human|2018-02-11               0.00%    passed     99.98%
  54  MN643091|Brazil|NHP|2018-02-07                 0.00%    passed     99.98%
  55  MN643092|Brazil|NHP|2018-02-07                 0.00%    passed     99.94%
  56  MK333805|Brazil|NHP|2018-02-07                 0.00%    passed     99.98%
  57  MK583166|Brazil|Human|2018-02-06               0.00%    passed     99.91%
  58  MK882620|Brazil|Human|2018-02-05              32.81%    passed     62.89%
  59  MK882621|Brazil|Human|2018-02-05               3.80%    passed     96.29%
  60  MN643090|Brazil|NHP|2018-02-04                 0.00%    passed     99.98%
  61  MK583165|Brazil|Human|2018-02-04               0.00%    passed     99.83%
  62  MK583164|Brazil|Human|2018-02-03               0.00%    passed     99.91%
  63  MK583163|Brazil|Human|2018-02-02               0.00%    passed     99.85%
  64  MH193175|Brazil|NHP|2018-02-01                 0.84%    passed     99.81%
  65  MK583162|Brazil|Human|2018-01-31               0.00%    passed     99.83%
  66  MK583160|Brazil|Human|2018-01-29               0.00%    passed     99.95%
  67  MK333808|Brazil|NHP|2018-01-29                 0.00%    passed     99.95%
  68  MH329655|Brazil|NHP|2018-01-29                 9.74%    passed     98.08%
  69  MK333806|Brazil|NHP|2018-01-27                 0.00%    passed     99.91%
  70  MN643079|Brazil|Human|2018-01-26               0.00%    passed     99.98%
  71  MN506289|Brazil|Unknown|2018-01-26             0.00%    passed     99.98%
  72  MN506291|Brazil|Unknown|2018-01-26             0.00%    passed     99.98%
  73  MN643078|Brazil|Human|2018-01-25               0.00%    passed     99.96%
  74  MK882619|Brazil|Human|2018-01-25               6.90%    passed     99.73%
  75  MN506284|Brazil|Unknown|2018-01-24             0.00%    passed     99.98%
  76  MN506285|Brazil|Unknown|2018-01-24             0.02%    passed     99.97%
  77  MN506286|Brazil|Unknown|2018-01-24             0.00%    passed     99.98%
  78  MN506287|Brazil|Unknown|2018-01-24             0.00%    passed     99.98%
  79  MN506288|Brazil|Unknown|2018-01-24             0.02%    passed     99.98%
  80  MK583159|Brazil|Human|2018-01-24               0.00%    passed     99.96%
  81  MK583161|Brazil|Human|2018-01-24               0.00%    passed     99.83%
  82  MK583156|Brazil|Human|2018-01-23               0.00%    passed     99.95%
  83  MK583157|Brazil|Human|2018-01-23               0.00%    passed     99.96%
  84  MK583158|Brazil|Human|2018-01-23               0.00%    passed     99.63%
  85  MK583155|Brazil|Human|2018-01-22               0.00%    passed     99.86%
  86  MK882618|Brazil|Human|2018-01-22               6.99%    passed     99.68%
  87  MK583154|Brazil|Human|2018-01-21               0.00%    passed    100.00%
  88  MK583153|Brazil|Human|2018-01-20               0.00%    passed     99.78%
  89  MK333809|Brazil|NHP|2018-01-19                 0.00%    passed     99.96%
  90  MN506290|Brazil|Unknown|2018-01-18             0.00%    passed     99.96%
  91  MK333807|Brazil|NHP|2018-01-18                 0.00%    passed     99.96%
  92  MN643077|Brazil|Human|2018-01-16               0.00%    passed     99.92%
  93  MK583149|Brazil|Human|2018-01-16               0.00%    passed     99.95%
  94  MK583150|Brazil|Human|2018-01-15               0.00%    passed     99.95%
  95  MK583151|Brazil|Human|2018-01-15               0.00%    passed     99.92%
  96  MK583148|Brazil|Human|2018-01-13               0.00%    passed     99.89%
  97  MK583147|Brazil|Human|2018-01-12               0.00%    passed     99.86%
  98  MN506266|Brazil|Unknown|2018-01-09             0.00%    passed     99.98%
  99  MH193173|Brazil|NHP|2018-01-09                 0.72%    passed     99.81%
 100  MH193174|Brazil|Human|2018-01-09               0.69%    passed     99.75%
 101  MK333798|Brazil|Human|2018-01-08               0.00%    passed     99.92%
 102  MK333799|Brazil|Human|2018-01-08               0.00%    passed     99.95%
 103  MN506265|Brazil|Unknown|2017-12-19             0.00%    passed     99.96%
 104  MK882617|Brazil|Human|2017-11-28               9.66%    passed     98.50%
 105  MN643089|Brazil|NHP|2017-10-19                 0.00%    passed     99.98%
 106  MH030070|Brazil|NHP|2017-10-19                 0.69%    passed     99.89%
 107  MH030071|Brazil|NHP|2017-10-18                 0.71%    passed     99.94%
 108  MH030073|Brazil|NHP|2017-10-18                 0.73%    passed     99.84%
 109  MH030074|Brazil|NHP|2017-10-18                 0.71%    passed     99.93%
 110  MH030057|Brazil|NHP|2017-09-27                 0.72%    passed     99.95%
 111  MH030060|Brazil|NHP|2017-09-27                 0.80%    passed     99.54%
 112  MH030058|Brazil|NHP|2017-09-26                 0.74%    passed     99.83%
 113  MH030059|Brazil|NHP|2017-09-21                 0.78%    passed     99.83%
 114  MH030061|Brazil|NHP|2017-09-21                 0.80%    passed     99.59%
 115  MH030062|Brazil|NHP|2017-09-19                 0.75%    passed     99.56%
 116  MH030054|Brazil|NHP|2017-09-15                 0.75%    passed     99.64%
 117  MH030056|Brazil|NHP|2017-09-12                 0.74%    passed     99.83%
 118  MH030055|Brazil|NHP|2017-09-11                 0.74%    passed     99.79%
 119  MH030053|Brazil|NHP|2017-08-30                 0.71%    passed     99.69%
 120  MH030049|Brazil|NHP|2017-08-17                 0.78%    passed     99.93%
 121  MH030050|Brazil|NHP|2017-08-16                 0.74%    passed     99.82%
 122  MF538786|Brazil|NHP|2017-06-05                 0.00%    passed     99.98%
 123  MH030091|Brazil|Human|2017-05-29              58.90%    passed     76.39%
 124  MN506267|Brazil|Unknown|2017-05-08             0.03%    passed     99.96%
 125  MN506282|Brazil|Unknown|2017-05-08             0.00%    passed     99.98%
 126  MN506278|Brazil|Unknown|2017-05-07             0.00%    passed     99.97%
 127  MN506280|Brazil|Unknown|2017-05-07             0.00%    passed     99.97%
 128  MN506269|Brazil|Unknown|2017-05-06             0.00%    passed     99.98%
 129  MN506272|Brazil|Unknown|2017-05-06             0.00%    passed     99.98%
 130  MN506274|Brazil|Unknown|2017-05-06             0.01%    passed     99.97%
 131  MK089775|Brazil|NHP|2017-05-06                 0.00%    passed     99.98%
 132  MN506268|Brazil|Unknown|2017-05-05             0.01%    passed     99.96%
 133  MN506270|Brazil|Unknown|2017-05-05             0.00%    passed     99.98%
 134  MN506271|Brazil|Unknown|2017-05-05             0.02%    passed     99.90%
 135  MN506273|Brazil|Unknown|2017-05-05             0.01%    passed     99.98%
 136  MN506275|Brazil|Unknown|2017-05-05             0.00%    passed     99.99%
 137  MN506276|Brazil|Unknown|2017-05-05             0.00%    passed     99.97%
 138  MN506277|Brazil|Unknown|2017-05-05             0.00%    passed     99.97%
 139  MN506283|Brazil|Unknown|2017-05-05             0.00%    passed     99.98%
 140  MN506279|Brazil|Unknown|2017-05-04             0.00%    passed     99.97%
 141  MH030088|Brazil|Human|2017-05-03              18.23%    passed     95.20%
 142  MH030089|Brazil|Human|2017-05-03              19.21%    passed     57.38%
 143  MH030090|Brazil|Human|2017-05-02               3.79%    passed     97.02%
 144  MN506281|Brazil|Unknown|2017-04-26             0.00%    passed     99.92%
 145  MH030087|Brazil|Human|2017-04-26               3.88%    passed     97.26%
 146  MF434851|Brazil|Human|2017-04-25               0.00%    passed     99.99%
 147  MH018113|Brazil|Human|2017-04-22               3.16%    passed     97.92%
 148  MF538785|Brazil|NHP|2017-04-21                 0.00%    passed     99.98%
 149  MK333803|Brazil|NHP|2017-04-20                 0.00%    passed     98.67%
 150  MF370548|Brazil|NHP|2017-04-20                 0.00%    passed     99.98%
 151  MN643088|Brazil|NHP|2017-04-19                 0.00%    passed     99.97%
 152  MF423377|Brazil|NHP|2017-04-19                 0.00%    passed     99.98%
 153  MG550109|Brazil|Human|2017-04-18              14.14%    passed     63.51%
 154  MF423378|Brazil|NHP|2017-04-19                 0.01%    passed     99.98%
 155  MK882614|Brazil|Human|2017-04-17              27.03%    passed     43.28%
 156  MK882616|Brazil|Human|2017-04-17              42.11%    passed     19.73%
 157  MH018112|Brazil|NHP|2017-04-17                 3.32%    passed     99.30%
 158  MF170968|Brazil|Human|2017-04-13               0.08%    passed     99.97%
 159  MF423376|Brazil|NHP|2017-04-13                 0.01%    passed     99.97%
 160  MH018111|Brazil|Human|2017-04-10              18.30%    passed     98.98%
 161  MF170973|Brazil|Human|2017-04-10               0.02%    passed     99.98%
 162  MN604286|Brazil|NHP|2017-04-07                 3.75%    passed     96.07%
 163  MF170979|Brazil|Human|2017-04-06               0.00%    passed     99.98%
 164  MN604285|Brazil|NHP|2017-04-05                 0.66%    passed     99.96%
 165  MK333801|Brazil|NHP|2017-04-05                 0.00%    passed     99.96%
 166  MK333802|Brazil|NHP|2017-04-05                 0.00%    passed     99.99%
 167  MF370544|Brazil|NHP|2017-04-05                 0.00%    passed     99.93%
 168  MF370545|Brazil|NHP|2017-04-05                 0.00%    passed     98.91%
 169  MF370546|Brazil|NHP|2017-04-05                 0.00%    passed     99.97%
 170  MF170981|Brazil|Human|2017-04-05               0.01%    passed     99.99%
 171  MF423375|Brazil|NHP|2017-04-04                 0.00%    passed     99.98%
 172  MF170972|Brazil|Human|2017-03-31               0.00%    passed     99.98%
 173  MF170974|Brazil|Human|2017-03-29               0.03%    passed     99.99%
 174  MF170978|Brazil|Human|2017-03-28               0.03%    passed     99.98%
 175  MK882613|Brazil|Human|2017-03-27               4.05%    passed     99.12%
 176  MK882615|Brazil|Human|2017-03-27              20.16%    passed     95.30%
 177  MF370547|Brazil|NHP|2017-03-27                 0.00%    passed     99.98%
 178  MF170980|Brazil|Human|2017-03-23               0.04%    passed     99.98%
 179  MF170970|Brazil|Human|2017-03-21               0.05%    passed     99.99%
 180  MK882612|Brazil|Human|2017-03-20              10.60%    passed     99.10%
 181  MF170969|Brazil|Human|2017-03-18               0.05%    passed     99.95%
 182  MF538783|Brazil|Human|2017-03-18               0.02%    passed     99.97%
 183  MN604287|Brazil|NHP|2017-03-17                 8.18%    passed     99.88%
 184  MN604282|Brazil|NHP|2017-03-16                18.99%    passed     92.13%
 185  MF538782|Brazil|Human|2017-03-16               0.00%    passed     99.98%
 186  MN604283|Brazil|NHP|2017-03-15                15.23%    passed     97.41%
 187  MN604284|Brazil|Human|2017-03-15               3.77%    passed     95.13%
 188  MF370542|Brazil|NHP|2017-03-14                 0.00%    passed     99.72%
 189  MN604281|Brazil|NHP|2017-03-13                17.39%    passed     96.46%
 190  MK882609|Brazil|Human|2017-03-13              21.77%    passed     79.13%
 191  MK882608|Brazil|Human|2017-03-12              17.48%    passed     83.26%
 192  MN604280|Brazil|NHP|2017-03-10                 6.96%    passed     99.90%
 193  MH018099|Brazil|NHP|2017-03-10                 0.74%    passed     99.97%
 194  MH018108|Brazil|Human|2017-03-10              18.09%    passed     99.15%
 195  MK882605|Brazil|Human|2017-03-09              47.24%    passed     18.70%
 196  MK882607|Brazil|Human|2017-03-09               0.69%    passed     99.99%
 197  MH018110|Brazil|NHP|2017-03-09                 9.36%    passed     91.59%
 198  MK882611|Brazil|Human|2017-03-08               0.69%    passed     99.99%
 199  MH018109|Brazil|NHP|2017-03-08                 3.15%    passed     98.15%
 200  MK882606|Brazil|Human|2017-03-07              36.33%    passed     20.98%
 201  MK882610|Brazil|Human|2017-03-06               9.64%    passed     98.48%
 202  MK728873|Brazil|Human|2017-03-04               0.00%    passed     99.94%
 203  MF370543|Brazil|NHP|2017-03-03                 0.00%    passed     98.98%
 204  MF170975|Brazil|Human|2017-03-03               0.00%    passed     99.99%
 205  MF370531|Brazil|Human|2017-02-28               0.00%    passed     99.98%
 206  MF370541|Brazil|NHP|2017-02-28                 0.00%    passed     99.15%
 207  MF538784|Brazil|Human|2017-02-26               0.00%    passed     99.97%
 208  MF370540|Brazil|NHP|2017-02-25                 0.00%    passed     99.62%
 209  MF370539|Brazil|NHP|2017-02-23                 0.00%    passed     99.92%
 210  MF185661|Brazil|Human|2017-02-23              31.68%    passed     64.28%
 211  MF423374|Brazil|NHP|2017-02-23                 0.00%    passed     99.99%
 212  MH018081|Brazil|NHP|2017-02-22                42.30%    passed     81.69%
 213  MH018107|Brazil|Human|2017-02-22               2.91%    passed     98.52%
 214  KY885001|Brazil|NHP|2017-02-22                 0.00%    passed     99.98%
 215  MF423373|Brazil|NHP|2017-02-21                 0.00%    passed     99.98%
 216  MK333800|Brazil|NHP|2017-02-20                 0.00%    passed     99.99%
 217  MH018082|Brazil|NHP|2017-02-20                 0.44%    passed     99.96%
 218  KY885000|Brazil|NHP|2017-02-20                 0.00%    passed     99.99%
 219  MH018083|Brazil|NHP|2017-02-17                 0.37%    passed    100.00%
 220  MK882604|Brazil|Human|2017-02-16               0.69%    passed     99.98%
 221  MN117917|Brazil|NHP|2017-02-15                 0.64%    passed     99.92%
 222  MH018064|Brazil|NHP|2017-02-15                 0.36%    passed     99.99%
 223  MH018066|Brazil|NHP|2017-02-15                 0.41%    passed    100.00%
 224  MH484431|Brazil|NHP|2017-02-14                 7.85%    passed     86.76%
 225  MH018065|Brazil|NHP|2017-02-14                 0.38%    passed     99.99%
 226  MH018067|Brazil|NHP|2017-02-13                 0.39%    passed    100.00%
 227  MF170977|Brazil|Human|2017-02-10               0.02%    passed     99.98%
 228  MK882599|Brazil|Human|2017-02-09              25.32%    passed     54.87%
 229  MH484430|Brazil|NHP|2017-02-09                 0.95%    passed     99.97%
 230  MH018084|Brazil|NHP|2017-02-09                 0.41%    passed     99.99%
 231  MH484428|Brazil|Human|2017-02-05               9.63%    passed     98.78%
 232  MH484429|Brazil|NHP|2017-02-03                 0.72%    passed     99.99%
 233  MH484433|Brazil|NHP|2017-02-03                14.69%    passed     97.29%
 234  MK882602|Brazil|Human|2017-01-31              28.81%    passed     19.41%
 235  MH018102|Brazil|NHP|2017-01-31                 2.97%    passed     98.09%
 236  MH018091|Brazil|Human|2017-01-30               0.37%    passed     99.99%
 237  MH018094|Brazil|Human|2017-01-30              18.50%    passed     86.58%
 238  MH018103|Brazil|Human|2017-01-30              18.67%    passed     98.82%
 239  MH018104|Brazil|Human|2017-01-30               6.11%    passed     99.36%
 240  MF170971|Brazil|NHP|2017-01-30                 0.02%    passed     99.99%
 241  MH018079|Brazil|Human|2017-01-28               0.22%    passed    100.00%
 242  MH018080|Brazil|Human|2017-01-28               0.22%    passed     99.99%
 243  MH018105|Brazil|Human|2017-01-28               3.54%    passed     98.81%
 244  MH484425|Brazil|Human|2017-01-27               3.83%    passed     97.07%
 245  MH018092|Brazil|Human|2017-01-27               0.28%    passed    100.00%
 246  MH018071|Brazil|Human|2017-01-25              48.78%    passed     33.71%
 247  MH018097|Brazil|NHP|2017-01-25                 6.91%    passed     96.26%
 248  MH018098|Brazil|NHP|2017-01-25                25.62%    passed     39.08%
 249  MF170976|Brazil|Human|2017-01-25               0.01%    passed     99.98%
 250  MF185660|Brazil|NHP|2017-01-25                22.19%    passed     59.03%
 251  MK882601|Brazil|Human|2017-01-24               3.83%    passed     97.03%
 252  MH484423|Brazil|NHP|2017-01-24                45.72%    passed     82.70%
 253  MH484424|Brazil|Human|2017-01-24               6.86%    passed     99.28%
 254  MH484427|Brazil|NHP|2017-01-24                 0.73%    passed     99.97%
 255  MH018114|Brazil|NHP|2017-01-24                 3.46%    passed     97.18%
 256  MH018115|Brazil|NHP|2017-01-24                 1.89%    passed     98.14%
 257  MH666057|Brazil|NHP|2017-01-23                 0.50%    passed     99.55%
 258  MH484432|Brazil|NHP|2017-01-23                11.27%    passed     88.92%
 259  MH484434|Brazil|Human|2017-01-22               1.30%    passed     99.89%
 260  MT497525|Brazil|NHP|2017-01-21                 0.63%    passed     99.96%
 261  MH018070|Brazil|Human|2017-01-21               8.56%    passed     98.73%
 262  MH018088|Brazil|Human|2017-01-21               0.42%    passed     99.96%
 263  MF370538|Brazil|NHP|2017-01-20                 0.00%    passed    100.00%
 264  MH018073|Brazil|Human|2017-01-20               3.02%    passed     99.01%
 265  MH018093|Brazil|Human|2017-01-20               0.22%    passed     99.99%
 266  MH018076|Brazil|Human|2017-01-19               0.36%    passed     99.97%
 267  MH018086|Brazil|Human|2017-01-19              43.69%    passed     64.62%
 268  MH018095|Brazil|NHP|2017-01-19                 0.22%    passed    100.00%
 269  MH018075|Brazil|Human|2017-01-18              38.89%    passed     44.52%
 270  MH018078|Brazil|Human|2017-01-18               0.22%    passed     99.98%
 271  MF370537|Brazil|NHP|2017-01-17                 0.00%    passed     99.99%
 272  MF465805|Brazil|Human|2017-01-17               0.00%    passed     99.94%
 273  MK583152|Brazil|Human|2017-01-16               0.00%    passed     99.66%
 274  MF370530|Brazil|NHP|2017-01-15                 0.00%    passed     99.97%
 275  MH018069|Brazil|Human|2017-01-14              41.58%    passed     39.46%
 276  MH018074|Brazil|Human|2017-01-14               3.07%    passed     96.89%
 277  MH484426|Brazil|NHP|2017-01-13                 4.76%    passed     95.31%
 278  MH018085|Brazil|Human|2017-01-13               3.02%    passed     98.66%
 279  MH018096|Brazil|NHP|2017-01-13                 0.22%    passed    100.00%
 280  MH018106|Brazil|NHP|2017-01-13                 3.02%    passed     98.53%
 281  MH018090|Brazil|Human|2017-01-12               0.22%    passed    100.00%
 282  MF370533|Brazil|Human|2017-01-11               0.00%    passed     99.98%
 283  MF370532|Brazil|Human|2017-01-10               0.00%    passed     99.99%
 284  MH018087|Brazil|Human|2017-01-10               5.67%    passed     99.56%
 285  MH018068|Brazil|Human|2017-01-09               2.87%    passed     99.00%
 286  MH018072|Brazil|Human|2017-01-07               2.99%    passed     99.04%
 287  MH018077|Brazil|Human|2017-01-07               5.69%    passed     99.16%
 288  MH018089|Brazil|Human|2017-01-02               0.42%    passed     99.98%
 289  MH666058|Brazil|NHP|2016-12-19                 0.01%    passed     99.07%
 290  MT497524|Brazil|NHP|2016-12-12                13.90%    passed     87.31%
 291  MT497523|Brazil|NHP|2016-11-16                 3.69%    passed     97.87%
 292  MH666056|Brazil|NHP|2016-11-16                 0.01%    passed     99.07%
 293  MT497522|Brazil|NHP|2016-11-15                 0.63%    passed     99.96%
 294  MW034590|Brazil|NHP|2016-11-01                 0.00%    passed     99.98%
 295  MT497521|Brazil|NHP|2016-10-13                 0.64%    passed     99.90%
 296  MT497520|Brazil|NHP|2016-10-10                 3.69%    passed     97.78%
 297  MF370536|Brazil|NHP|2016-09-02                 0.00%    passed     99.94%
 298  MF370535|Brazil|NHP|2016-08-30                 0.00%    passed     99.96%
 299  MF370534|Brazil|NHP|2016-04-05                 0.00%    passed    100.00%
 300  MF370549|Brazil|NHP|2015-08-26                 0.00%    passed     99.98%
 301  MK333804|Brazil|NHP|2015-08-17                 0.00%    passed     99.99%
 302  MW158364|Trinidad-and-Tobago|NHP|2009-01-22    0.00%    passed     99.20%
 303  MW158366|Trinidad-and-Tobago|NHP|2009-01-16    0.00%    passed     99.11%
 304  MW158367|Trinidad-and-Tobago|NHP|2009-01-16    0.00%    passed     99.35%
 305  MW158365|Trinidad-and-Tobago|NHP|2008-12-05    0.00%    passed     99.35%
 306  KY861728|Brazil|NHP|2008-02-09                 0.05%    passed     99.73%
 307  MH018101|Brazil|Human|2003-08-15               0.71%    passed    100.00%
 308  MH018100|Brazil|Human|2003-03-15               0.71%    passed    100.00%
 309  MG969501|Brazil|Human|2001-03-07               0.00%    passed     99.67%
 310  MW158342|Brazil|NHP|2000-02-07                 0.00%    passed     99.92%
 311  MF004382|Bolivia|Human|1999-01-01              0.03%    passed     61.51%
 312  MW158359|Peru|Human|1998-01-20                 0.00%    passed     64.38%
 313  MW158361|Peru|Human|1995-05-19                 0.00%    passed     80.10%
 314  MW158341|Brazil|NHP|1991-06-21                 0.00%    passed     97.02%
 315  MW158347|Trinidad-and-Tobago|NHP|1989-02-22    0.00%    passed     99.69%
 316  MW158346|Trinidad-and-Tobago|NHP|1989-01-20    0.00%    passed     99.59%
 317  MW158345|Trinidad-and-Tobago|NHP|1988-12-14    0.00%    passed     99.57%
 318  MW158344|Brazil|NHP|1985-06-16                 0.00%    passed     93.26%
 319  MW158343|Brazil|NHP|1973-02-16                 0.00%    passed     84.00%
 320  MW158340|Brazil|NHP|1968-06-06                 0.00%    passed     86.93%
 321  MW158339|Brazil|NHP|1960-09-23                 0.00%    passed     92.08%
 322  MW158338|Brazil|NHP|1955-01-21                 0.00%    passed     71.41%
WARNING: 1 sequences contain more than 50% gaps/ambiguity
****  TOTAL                                          3.74%  0 sequences failed composition chi2 test (p-value<5%; df=3)
NOTE: MZ712136|Brazil|NHP|2021-02-08 is identical to MZ712135|Brazil|NHP|2021-03-08 but kept for subsequent analysis
NOTE: MK583162|Brazil|Human|2018-01-31 is identical to MK583175|Brazil|Human|2018-02-27 but kept for subsequent analysis
NOTE: MK583171|Brazil|Human|2018-02-18 is identical to MK583174|Brazil|Human|2018-02-24 but kept for subsequent analysis
NOTE: MN643091|Brazil|NHP|2018-02-07 is identical to MK583168|Brazil|Human|2018-02-11 but kept for subsequent analysis
NOTE: MF423373|Brazil|NHP|2017-02-21 is identical to MN643079|Brazil|Human|2018-01-26 but kept for subsequent analysis
NOTE: MN506291|Brazil|Unknown|2018-01-26 is identical to MN506289|Brazil|Unknown|2018-01-26 but kept for subsequent analysis
NOTE: MK583147|Brazil|Human|2018-01-12 is identical to MK583155|Brazil|Human|2018-01-22 but kept for subsequent analysis
NOTE: MK333807|Brazil|NHP|2018-01-18 is identical to MK333809|Brazil|NHP|2018-01-19 but kept for subsequent analysis
NOTE: MK333798|Brazil|Human|2018-01-08 is identical to MK583151|Brazil|Human|2018-01-15 but kept for subsequent analysis
NOTE: MN506279|Brazil|Unknown|2017-05-04 is identical to MN506280|Brazil|Unknown|2017-05-07 but kept for subsequent analysis
NOTE: MN506272|Brazil|Unknown|2017-05-06 is identical to MN506269|Brazil|Unknown|2017-05-06 but kept for subsequent analysis
NOTE: MF370548|Brazil|NHP|2017-04-20 is identical to MF538785|Brazil|NHP|2017-04-21 but kept for subsequent analysis
NOTE: MK882611|Brazil|Human|2017-03-08 is identical to MK882607|Brazil|Human|2017-03-09 but kept for subsequent analysis
NOTE: MK333800|Brazil|NHP|2017-02-20 is identical to MF423374|Brazil|NHP|2017-02-23 but kept for subsequent analysis
NOTE: MH666056|Brazil|NHP|2016-11-16 is identical to MH666058|Brazil|NHP|2016-12-19 but kept for subsequent analysis
NOTE: MW158365|Trinidad-and-Tobago|NHP|2008-12-05 is identical to MW158367|Trinidad-and-Tobago|NHP|2009-01-16 but kept for subsequent analysis
Checking for duplicate sequences: done in 0.0183983 secs using 134.3% CPU
Identifying sites to remove: done in 0.0324107 secs using 99.99% CPU
NOTE: 14 identical sequences (see below) will be ignored for subsequent analysis
NOTE: MK583161|Brazil|Human|2018-01-24 (identical to MK583175|Brazil|Human|2018-02-27) is ignored but added at the end
NOTE: MK583159|Brazil|Human|2018-01-24 (identical to MK583174|Brazil|Human|2018-02-24) is ignored but added at the end
NOTE: MK333805|Brazil|NHP|2018-02-07 (identical to MK583168|Brazil|Human|2018-02-11) is ignored but added at the end
NOTE: MN643090|Brazil|NHP|2018-02-04 (identical to MK583168|Brazil|Human|2018-02-11) is ignored but added at the end
NOTE: MN506282|Brazil|Unknown|2017-05-08 (identical to MK583168|Brazil|Human|2018-02-11) is ignored but added at the end
NOTE: MN506283|Brazil|Unknown|2017-05-05 (identical to MK583168|Brazil|Human|2018-02-11) is ignored but added at the end
NOTE: MF423375|Brazil|NHP|2017-04-04 (identical to MK583168|Brazil|Human|2018-02-11) is ignored but added at the end
NOTE: MN506284|Brazil|Unknown|2018-01-24 (identical to MN506289|Brazil|Unknown|2018-01-26) is ignored but added at the end
NOTE: MN506286|Brazil|Unknown|2018-01-24 (identical to MN506289|Brazil|Unknown|2018-01-26) is ignored but added at the end
NOTE: MN506287|Brazil|Unknown|2018-01-24 (identical to MN506289|Brazil|Unknown|2018-01-26) is ignored but added at the end
NOTE: MK089775|Brazil|NHP|2017-05-06 (identical to MN506269|Brazil|Unknown|2017-05-06) is ignored but added at the end
NOTE: MN506270|Brazil|Unknown|2017-05-05 (identical to MN506269|Brazil|Unknown|2017-05-06) is ignored but added at the end
NOTE: MF423377|Brazil|NHP|2017-04-19 (identical to MF538785|Brazil|NHP|2017-04-21) is ignored but added at the end
NOTE: KY885000|Brazil|NHP|2017-02-20 (identical to MF423374|Brazil|NHP|2017-02-23) is ignored but added at the end
Alignment was printed to NCBIVirus_YFVSelectAlignedTrimmedSeqs.fasta.uniqueseq.phy

For your convenience alignment with unique sequences printed to NCBIVirus_YFVSelectAlignedTrimmedSeqs.fasta.uniqueseq.phy

Create initial parsimony tree by phylogenetic likelihood library (PLL)... 0.145 seconds

NOTE: 166 MB RAM (0 GB) is required!
Estimate model parameters (epsilon = 0.100)
Thoroughly optimizing +I+G parameters from 10 start values...
Init pinv, alpha: 0.000, 1.000 / Estimate: 0.000, 0.228 / LogL: -44417.081
Init pinv, alpha: 0.079, 1.000 / Estimate: 0.081, 0.269 / LogL: -44413.122
Init pinv, alpha: 0.159, 1.000 / Estimate: 0.162, 0.323 / LogL: -44409.301
Init pinv, alpha: 0.238, 1.000 / Estimate: 0.243, 0.398 / LogL: -44404.968
Init pinv, alpha: 0.318, 1.000 / Estimate: 0.504, 1.119 / LogL: -44383.125
Init pinv, alpha: 0.397, 1.000 / Estimate: 0.514, 1.195 / LogL: -44382.602
Init pinv, alpha: 0.476, 1.000 / Estimate: 0.513, 1.185 / LogL: -44382.989
Init pinv, alpha: 0.556, 1.000 / Estimate: 0.549, 1.549 / LogL: -44382.032
Init pinv, alpha: 0.635, 1.000 / Estimate: 0.563, 1.738 / LogL: -44383.036
Init pinv, alpha: 0.715, 1.000 / Estimate: 0.562, 1.733 / LogL: -44383.829
Optimal pinv,alpha: 0.549, 1.549 / LogL: -44382.032

Parameters optimization took 205.723 sec
Wrote distance file to... 
Computing ML distances based on estimated model parameters...
Calculating distance matrix: done in 0.608431 secs using 401.3% CPU
Computing ML distances took 0.612438 sec (of wall-clock time) 2.444855 sec (of CPU time)
Setting up auxiliary I and S matrices: done in 0.0019302 secs using 322.3% CPU
Constructing RapidNJ tree: done in 0.264025 secs using 1.594% CPU
Computing RapidNJ tree took 0.267867 sec (of wall-clock time) 0.011371 sec (of CPU time)
Log-likelihood of RapidNJ tree: -44570.630
--------------------------------------------------------------------
|             INITIALIZING CANDIDATE TREE SET                      |
--------------------------------------------------------------------
Generating 98 parsimony trees... 20.002 second
Computing log-likelihood of 98 initial trees ... 19.708 seconds
Current best score: -44382.032

Do NNI search on 20 best initial trees
Optimizing NNI: done in 2.5504 secs using 398.3% CPU
Estimate model parameters (epsilon = 0.100)
BETTER TREE FOUND at iteration 1: -44376.651
Optimizing NNI: done in 3.78404 secs using 398.4% CPU
Estimate model parameters (epsilon = 0.100)
BETTER TREE FOUND at iteration 2: -44360.380
Optimizing NNI: done in 3.919 secs using 399.4% CPU
Optimizing NNI: done in 4.21538 secs using 396.7% CPU
Optimizing NNI: done in 5.39569 secs using 386.2% CPU
Optimizing NNI: done in 3.41874 secs using 397.1% CPU
Optimizing NNI: done in 4.49367 secs using 395.9% CPU
Optimizing NNI: done in 3.99774 secs using 398.5% CPU
Optimizing NNI: done in 4.18013 secs using 395.9% CPU
Optimizing NNI: done in 3.94801 secs using 395.2% CPU
Iteration 10 / LogL: -44392.519 / Time: 0h:4m:50s
Optimizing NNI: done in 3.66654 secs using 399.4% CPU
Optimizing NNI: done in 4.31953 secs using 396.1% CPU
Optimizing NNI: done in 3.85381 secs using 396.2% CPU
Optimizing NNI: done in 3.48386 secs using 397.5% CPU
Optimizing NNI: done in 3.42922 secs using 398.2% CPU
Optimizing NNI: done in 4.23826 secs using 397% CPU
Optimizing NNI: done in 5.04325 secs using 397.7% CPU
Optimizing NNI: done in 4.21347 secs using 395.7% CPU
Optimizing NNI: done in 3.21689 secs using 397.3% CPU
Optimizing NNI: done in 7.7797 secs using 356.1% CPU
Iteration 20 / LogL: -44389.971 / Time: 0h:5m:34s
Finish initializing candidate tree set (20)
Current best tree score: -44360.380 / CPU time: 125.382
Number of iterations: 20
--------------------------------------------------------------------
|               OPTIMIZING CANDIDATE TREE SET                      |
--------------------------------------------------------------------
Optimizing NNI: done in 15.5237 secs using 340.8% CPU
Optimizing NNI: done in 5.96359 secs using 379.9% CPU
Optimizing NNI: done in 4.39639 secs using 395.3% CPU
Estimate model parameters (epsilon = 0.100)
BETTER TREE FOUND at iteration 23: -44359.375
Optimizing NNI: done in 7.80178 secs using 376.5% CPU
Optimizing NNI: done in 4.88137 secs using 391.4% CPU
Optimizing NNI: done in 7.68855 secs using 384.1% CPU
Optimizing NNI: done in 3.90431 secs using 396.3% CPU
Optimizing NNI: done in 4.11316 secs using 396.5% CPU
Optimizing NNI: done in 3.04936 secs using 398.3% CPU
Optimizing NNI: done in 4.8649 secs using 396% CPU
Iteration 30 / LogL: -44365.735 / Time: 0h:6m:38s (0h:21m:15s left)
Optimizing NNI: done in 4.9752 secs using 391.2% CPU
Optimizing NNI: done in 6.74814 secs using 385.3% CPU
Optimizing NNI: done in 4.20919 secs using 398.2% CPU
Estimate model parameters (epsilon = 0.100)
BETTER TREE FOUND at iteration 33: -44355.512
Optimizing NNI: done in 5.76078 secs using 394.2% CPU
Optimizing NNI: done in 6.99807 secs using 394.5% CPU
Estimate model parameters (epsilon = 0.100)
BETTER TREE FOUND at iteration 35: -44355.286
Optimizing NNI: done in 5.97358 secs using 388.7% CPU
Optimizing NNI: done in 8.57158 secs using 392.4% CPU
Optimizing NNI: done in 5.83332 secs using 389.9% CPU
Optimizing NNI: done in 5.7636 secs using 389.5% CPU
Optimizing NNI: done in 4.69141 secs using 389.4% CPU
Iteration 40 / LogL: -44362.030 / Time: 0h:7m:39s (0h:18m:39s left)
Optimizing NNI: done in 6.74701 secs using 392.5% CPU
Optimizing NNI: done in 5.96881 secs using 396.3% CPU
Optimizing NNI: done in 4.60583 secs using 396.1% CPU
Optimizing NNI: done in 4.905 secs using 397.9% CPU
Optimizing NNI: done in 5.71456 secs using 396.4% CPU
Optimizing NNI: done in 5.43961 secs using 395.7% CPU
Optimizing NNI: done in 5.47443 secs using 397.9% CPU
Optimizing NNI: done in 4.26333 secs using 398.6% CPU
Estimate model parameters (epsilon = 0.100)
BETTER TREE FOUND at iteration 48: -44354.512
Optimizing NNI: done in 4.23961 secs using 397.2% CPU
Optimizing NNI: done in 3.94985 secs using 396% CPU
Iteration 50 / LogL: -44361.366 / Time: 0h:8m:32s (0h:17m:4s left)
Optimizing NNI: done in 3.53875 secs using 399.1% CPU
Optimizing NNI: done in 4.47878 secs using 398.7% CPU
Optimizing NNI: done in 4.4853 secs using 397.7% CPU
Optimizing NNI: done in 4.2226 secs using 390.4% CPU
Optimizing NNI: done in 7.70932 secs using 374.2% CPU
Estimate model parameters (epsilon = 0.100)
BETTER TREE FOUND at iteration 55: -44352.488
Optimizing NNI: done in 11.0751 secs using 361.7% CPU
Optimizing NNI: done in 6.24078 secs using 386.3% CPU
Optimizing NNI: done in 5.22761 secs using 393.9% CPU
Optimizing NNI: done in 4.88624 secs using 395.7% CPU
Optimizing NNI: done in 5.18722 secs using 394.6% CPU
Iteration 60 / LogL: -44366.041 / Time: 0h:9m:31s (0h:15m:19s left)
Optimizing NNI: done in 4.62275 secs using 398.2% CPU
Optimizing NNI: done in 6.37723 secs using 391.7% CPU
Optimizing NNI: done in 4.616 secs using 397% CPU
Optimizing NNI: done in 4.44697 secs using 396.9% CPU
Optimizing NNI: done in 5.51795 secs using 397.1% CPU
Optimizing NNI: done in 6.71091 secs using 395.7% CPU
Estimate model parameters (epsilon = 0.100)
BETTER TREE FOUND at iteration 66: -44347.914
Optimizing NNI: done in 5.04653 secs using 396.9% CPU
Optimizing NNI: done in 4.48346 secs using 393.9% CPU
Optimizing NNI: done in 5.55499 secs using 397.1% CPU
Optimizing NNI: done in 4.61294 secs using 396.5% CPU
Iteration 70 / LogL: -44356.756 / Time: 0h:10m:24s (0h:14m:29s left)
Optimizing NNI: done in 4.96039 secs using 398% CPU
Optimizing NNI: done in 4.34717 secs using 398.8% CPU
Optimizing NNI: done in 4.17912 secs using 395.4% CPU
Optimizing NNI: done in 4.44063 secs using 393.8% CPU
Optimizing NNI: done in 4.57702 secs using 397.1% CPU
Optimizing NNI: done in 5.36554 secs using 395.4% CPU
Optimizing NNI: done in 5.14596 secs using 398.3% CPU
Optimizing NNI: done in 4.91335 secs using 396.9% CPU
Optimizing NNI: done in 4.84248 secs using 393.7% CPU
Optimizing NNI: done in 4.9458 secs using 397.4% CPU
Iteration 80 / LogL: -44367.974 / Time: 0h:11m:13s (0h:12m:12s left)
Optimizing NNI: done in 4.07835 secs using 396.3% CPU
Optimizing NNI: done in 5.08718 secs using 396.2% CPU
Optimizing NNI: done in 4.30674 secs using 397.9% CPU
Optimizing NNI: done in 4.5655 secs using 398.1% CPU
Optimizing NNI: done in 4.59929 secs using 398.1% CPU
Optimizing NNI: done in 4.04331 secs using 398.2% CPU
Optimizing NNI: done in 5.52034 secs using 391.4% CPU
Optimizing NNI: done in 4.26903 secs using 397.5% CPU
Optimizing NNI: done in 4.20813 secs using 397.7% CPU
Optimizing NNI: done in 3.86803 secs using 398.7% CPU
Iteration 90 / LogL: -44349.372 / Time: 0h:11m:58s (0h:10m:13s left)
Optimizing NNI: done in 4.39267 secs using 396.9% CPU
Optimizing NNI: done in 4.63309 secs using 396.4% CPU
Optimizing NNI: done in 4.64355 secs using 397.9% CPU
Optimizing NNI: done in 4.23094 secs using 398.1% CPU
Optimizing NNI: done in 4.412 secs using 397.7% CPU
Optimizing NNI: done in 4.29561 secs using 394.7% CPU
Optimizing NNI: done in 4.37837 secs using 398.4% CPU
Optimizing NNI: done in 4.59084 secs using 398.2% CPU
Optimizing NNI: done in 3.71506 secs using 397.6% CPU
Optimizing NNI: done in 5.12097 secs using 395.9% CPU
Iteration 100 / LogL: -44350.512 / Time: 0h:12m:43s (0h:8m:28s left)
Optimizing NNI: done in 4.51024 secs using 397.9% CPU
Optimizing NNI: done in 4.38362 secs using 398.3% CPU
Optimizing NNI: done in 3.46005 secs using 399.4% CPU
Optimizing NNI: done in 3.90811 secs using 397.9% CPU
Estimate model parameters (epsilon = 0.100)
BETTER TREE FOUND at iteration 104: -44343.619
Optimizing NNI: done in 3.98888 secs using 398.6% CPU
Optimizing NNI: done in 5.37404 secs using 396.5% CPU
Estimate model parameters (epsilon = 0.100)
BETTER TREE FOUND at iteration 106: -44341.584
Optimizing NNI: done in 4.08347 secs using 398.2% CPU
Optimizing NNI: done in 4.77428 secs using 392.8% CPU
Optimizing NNI: done in 4.31739 secs using 399.1% CPU
Optimizing NNI: done in 5.01905 secs using 396.2% CPU
Iteration 110 / LogL: -44347.991 / Time: 0h:13m:29s (0h:11m:52s left)
Optimizing NNI: done in 4.76944 secs using 396.3% CPU
Optimizing NNI: done in 3.76825 secs using 397.9% CPU
Optimizing NNI: done in 5.38304 secs using 392.8% CPU
Optimizing NNI: done in 4.42258 secs using 398.4% CPU
Optimizing NNI: done in 4.373 secs using 398.7% CPU
Optimizing NNI: done in 4.19585 secs using 398% CPU
Optimizing NNI: done in 3.58575 secs using 398% CPU
Optimizing NNI: done in 3.96711 secs using 396.8% CPU
Optimizing NNI: done in 4.72765 secs using 395.1% CPU
Estimate model parameters (epsilon = 0.100)
BETTER TREE FOUND at iteration 119: -44340.588
Optimizing NNI: done in 4.41839 secs using 396.3% CPU
Iteration 120 / LogL: -44347.882 / Time: 0h:14m:14s (0h:11m:50s left)
Optimizing NNI: done in 5.79771 secs using 398.5% CPU
Optimizing NNI: done in 4.48682 secs using 397.6% CPU
Optimizing NNI: done in 5.7366 secs using 398.6% CPU
Optimizing NNI: done in 4.84585 secs using 395.7% CPU
Optimizing NNI: done in 5.08455 secs using 398.4% CPU
Optimizing NNI: done in 6.42224 secs using 397.9% CPU
Optimizing NNI: done in 4.42229 secs using 399% CPU
Optimizing NNI: done in 4.61046 secs using 397.4% CPU
Optimizing NNI: done in 4.14951 secs using 399.4% CPU
Optimizing NNI: done in 4.21385 secs using 397.3% CPU
Iteration 130 / LogL: -44350.205 / Time: 0h:15m:4s (0h:10m:24s left)
Optimizing NNI: done in 4.50841 secs using 397.9% CPU
Estimate model parameters (epsilon = 0.100)
BETTER TREE FOUND at iteration 131: -44339.634
Optimizing NNI: done in 3.6913 secs using 397.9% CPU
Optimizing NNI: done in 4.75423 secs using 394.1% CPU
Optimizing NNI: done in 4.56523 secs using 399.5% CPU
Optimizing NNI: done in 7.04649 secs using 395.3% CPU
Optimizing NNI: done in 4.3678 secs using 397.6% CPU
Optimizing NNI: done in 5.33229 secs using 396.3% CPU
Optimizing NNI: done in 5.11282 secs using 397.4% CPU
Optimizing NNI: done in 4.94447 secs using 396.4% CPU
Optimizing NNI: done in 5.182 secs using 397% CPU
Iteration 140 / LogL: -44364.175 / Time: 0h:15m:55s (0h:10m:25s left)
Optimizing NNI: done in 3.79892 secs using 399% CPU
Optimizing NNI: done in 4.43833 secs using 398.7% CPU
Optimizing NNI: done in 5.14395 secs using 396% CPU
Optimizing NNI: done in 5.11979 secs using 395.7% CPU
Optimizing NNI: done in 4.41509 secs using 397.6% CPU
Optimizing NNI: done in 3.04909 secs using 399% CPU
Estimate model parameters (epsilon = 0.100)
BETTER TREE FOUND at iteration 146: -44339.399
Optimizing NNI: done in 7.0016 secs using 395% CPU
Optimizing NNI: done in 6.2463 secs using 396.5% CPU
Optimizing NNI: done in 4.45622 secs using 398.3% CPU
Optimizing NNI: done in 6.18242 secs using 396.2% CPU
Iteration 150 / LogL: -44358.973 / Time: 0h:16m:46s (0h:10m:48s left)
Optimizing NNI: done in 4.04606 secs using 393.2% CPU
Optimizing NNI: done in 10.0373 secs using 372.9% CPU
Optimizing NNI: done in 4.96733 secs using 387.5% CPU
Optimizing NNI: done in 3.75003 secs using 396.3% CPU
Optimizing NNI: done in 4.72969 secs using 398.6% CPU
Optimizing NNI: done in 4.63216 secs using 394.8% CPU
Optimizing NNI: done in 5.64465 secs using 397% CPU
Optimizing NNI: done in 5.04676 secs using 387.7% CPU
Optimizing NNI: done in 4.55753 secs using 396.6% CPU
Optimizing NNI: done in 5.70725 secs using 396.4% CPU
Iteration 160 / LogL: -44339.780 / Time: 0h:17m:40s (0h:9m:33s left)
Optimizing NNI: done in 6.12693 secs using 397.7% CPU
Optimizing NNI: done in 4.59458 secs using 398% CPU
Optimizing NNI: done in 3.33277 secs using 395.6% CPU
Optimizing NNI: done in 4.46092 secs using 398.5% CPU
Optimizing NNI: done in 4.34954 secs using 396.8% CPU
Optimizing NNI: done in 5.80618 secs using 397.4% CPU
Optimizing NNI: done in 4.09277 secs using 397.4% CPU
Optimizing NNI: done in 4.44685 secs using 397.4% CPU
Optimizing NNI: done in 4.92228 secs using 399.2% CPU
Optimizing NNI: done in 5.57798 secs using 395.1% CPU
Iteration 170 / LogL: -44343.564 / Time: 0h:18m:28s (0h:8m:18s left)
Optimizing NNI: done in 3.38914 secs using 396.5% CPU
Optimizing NNI: done in 4.36113 secs using 399.8% CPU
Optimizing NNI: done in 4.99754 secs using 398.9% CPU
Optimizing NNI: done in 5.72721 secs using 395% CPU
Optimizing NNI: done in 5.26573 secs using 396% CPU
Optimizing NNI: done in 5.13532 secs using 395.7% CPU
Optimizing NNI: done in 7.54796 secs using 382.7% CPU
Optimizing NNI: done in 6.8422 secs using 392.4% CPU
Optimizing NNI: done in 6.07246 secs using 394.9% CPU
Optimizing NNI: done in 11.8795 secs using 380.2% CPU
Iteration 180 / LogL: -44339.467 / Time: 0h:19m:30s (0h:7m:11s left)
Optimizing NNI: done in 6.21032 secs using 395.6% CPU
Optimizing NNI: done in 5.99725 secs using 398% CPU
Optimizing NNI: done in 5.85873 secs using 394% CPU
Optimizing NNI: done in 4.54349 secs using 396.7% CPU
Optimizing NNI: done in 5.45952 secs using 397.7% CPU
Optimizing NNI: done in 5.69886 secs using 397.8% CPU
Optimizing NNI: done in 4.1775 secs using 394.8% CPU
Optimizing NNI: done in 4.83223 secs using 398.2% CPU
Optimizing NNI: done in 4.47808 secs using 398.5% CPU
Optimizing NNI: done in 6.69533 secs using 397.2% CPU
Iteration 190 / LogL: -44339.577 / Time: 0h:20m:25s (0h:6m:3s left)
Optimizing NNI: done in 5.16581 secs using 393.1% CPU
Optimizing NNI: done in 4.66548 secs using 395.1% CPU
Optimizing NNI: done in 4.04393 secs using 398.4% CPU
Optimizing NNI: done in 3.89973 secs using 396.3% CPU
Optimizing NNI: done in 4.91857 secs using 398.6% CPU
Optimizing NNI: done in 4.06972 secs using 398.8% CPU
Optimizing NNI: done in 4.11819 secs using 394.1% CPU
Optimizing NNI: done in 4.62471 secs using 394.2% CPU
Optimizing NNI: done in 4.89164 secs using 398.3% CPU
Optimizing NNI: done in 5.29991 secs using 397.3% CPU
Iteration 200 / LogL: -44345.392 / Time: 0h:21m:11s (0h:4m:53s left)
Optimizing NNI: done in 6.33476 secs using 391.1% CPU
Optimizing NNI: done in 4.7688 secs using 398.2% CPU
Optimizing NNI: done in 4.71646 secs using 397.8% CPU
Optimizing NNI: done in 4.92723 secs using 391.6% CPU
Optimizing NNI: done in 4.34834 secs using 397% CPU
Optimizing NNI: done in 5.48689 secs using 390.5% CPU
Optimizing NNI: done in 5.60829 secs using 395.3% CPU
Optimizing NNI: done in 9.24485 secs using 389.9% CPU
Optimizing NNI: done in 6.62198 secs using 393.2% CPU
Optimizing NNI: done in 9.17638 secs using 373.6% CPU
Iteration 210 / LogL: -44348.396 / Time: 0h:22m:13s (0h:3m:49s left)
Optimizing NNI: done in 5.69647 secs using 395.1% CPU
Optimizing NNI: done in 6.50289 secs using 391.9% CPU
Optimizing NNI: done in 10.0896 secs using 357.3% CPU
Estimate model parameters (epsilon = 0.100)
BETTER TREE FOUND at iteration 213: -44339.360
Optimizing NNI: done in 5.87174 secs using 394% CPU
Optimizing NNI: done in 8.10963 secs using 387.2% CPU
Optimizing NNI: done in 5.89876 secs using 389.2% CPU
Optimizing NNI: done in 5.52268 secs using 396.3% CPU
Optimizing NNI: done in 4.36545 secs using 398% CPU
Optimizing NNI: done in 4.56528 secs using 398.5% CPU
Optimizing NNI: done in 8.3132 secs using 367.5% CPU
Iteration 220 / LogL: -44340.987 / Time: 0h:23m:20s (0h:9m:54s left)
Optimizing NNI: done in 5.51289 secs using 391.6% CPU
Optimizing NNI: done in 5.63331 secs using 396.8% CPU
Optimizing NNI: done in 3.56195 secs using 398.8% CPU
Optimizing NNI: done in 5.56466 secs using 393% CPU
Optimizing NNI: done in 4.72212 secs using 397.7% CPU
Optimizing NNI: done in 4.42754 secs using 396.7% CPU
Optimizing NNI: done in 4.2629 secs using 398.9% CPU
Optimizing NNI: done in 5.12362 secs using 398.1% CPU
Optimizing NNI: done in 4.60078 secs using 399.4% CPU
Optimizing NNI: done in 5.6421 secs using 398.7% CPU
Iteration 230 / LogL: -44344.455 / Time: 0h:24m:9s (0h:8m:45s left)
Optimizing NNI: done in 3.86111 secs using 397.8% CPU
Optimizing NNI: done in 5.06295 secs using 396.6% CPU
Optimizing NNI: done in 4.78447 secs using 398.5% CPU
Optimizing NNI: done in 5.42488 secs using 393.8% CPU
Optimizing NNI: done in 4.96984 secs using 398.3% CPU
Optimizing NNI: done in 5.25135 secs using 397.2% CPU
Optimizing NNI: done in 6.089 secs using 392.4% CPU
Optimizing NNI: done in 6.02879 secs using 397.6% CPU
Optimizing NNI: done in 5.49596 secs using 394.8% CPU
Optimizing NNI: done in 6.70305 secs using 397% CPU
Iteration 240 / LogL: -44357.414 / Time: 0h:25m:4s (0h:7m:39s left)
Optimizing NNI: done in 4.28345 secs using 397.7% CPU
Optimizing NNI: done in 4.6265 secs using 397.9% CPU
Optimizing NNI: done in 5.72407 secs using 397.2% CPU
Optimizing NNI: done in 8.10272 secs using 372.7% CPU
Optimizing NNI: done in 5.26427 secs using 397.3% CPU
BETTER TREE FOUND at iteration 245: -44339.351
Optimizing NNI: done in 4.5275 secs using 398.2% CPU
Optimizing NNI: done in 4.0974 secs using 395.3% CPU
Optimizing NNI: done in 4.36318 secs using 397.6% CPU
Optimizing NNI: done in 4.85751 secs using 397.1% CPU
Optimizing NNI: done in 5.48532 secs using 395.8% CPU
Iteration 250 / LogL: -44377.981 / Time: 0h:25m:56s (0h:9m:53s left)
Optimizing NNI: done in 5.12728 secs using 397.5% CPU
Optimizing NNI: done in 4.23199 secs using 396.5% CPU
Optimizing NNI: done in 6.01258 secs using 398.6% CPU
Optimizing NNI: done in 5.85422 secs using 394.6% CPU
Optimizing NNI: done in 5.41556 secs using 396.6% CPU
Optimizing NNI: done in 7.0707 secs using 397.3% CPU
Optimizing NNI: done in 5.75497 secs using 394.6% CPU
Optimizing NNI: done in 5.06883 secs using 399.2% CPU
Optimizing NNI: done in 4.51906 secs using 397.9% CPU
Optimizing NNI: done in 4.97178 secs using 397.2% CPU
Iteration 260 / LogL: -44348.989 / Time: 0h:26m:51s (0h:8m:48s left)
Optimizing NNI: done in 3.97816 secs using 397.9% CPU
Optimizing NNI: done in 4.36049 secs using 395.9% CPU
Optimizing NNI: done in 5.38132 secs using 397.5% CPU
Optimizing NNI: done in 5.02665 secs using 398.9% CPU
Optimizing NNI: done in 4.90766 secs using 397.8% CPU
Optimizing NNI: done in 4.43658 secs using 397.4% CPU
Optimizing NNI: done in 5.0102 secs using 397.2% CPU
Optimizing NNI: done in 4.43233 secs using 398.3% CPU
Optimizing NNI: done in 4.11494 secs using 399.1% CPU
Optimizing NNI: done in 4.73181 secs using 395.5% CPU
Iteration 270 / LogL: -44346.206 / Time: 0h:27m:38s (0h:7m:42s left)
Optimizing NNI: done in 4.86892 secs using 396.6% CPU
Optimizing NNI: done in 4.55332 secs using 397.8% CPU
Optimizing NNI: done in 4.21745 secs using 398.4% CPU
Optimizing NNI: done in 4.33583 secs using 399.1% CPU
Optimizing NNI: done in 4.50893 secs using 398.7% CPU
Optimizing NNI: done in 5.1072 secs using 393.6% CPU
Optimizing NNI: done in 6.01202 secs using 398% CPU
Optimizing NNI: done in 6.52194 secs using 392.3% CPU
Optimizing NNI: done in 6.04631 secs using 395.5% CPU
Optimizing NNI: done in 4.62249 secs using 397.4% CPU
Iteration 280 / LogL: -44341.664 / Time: 0h:28m:29s (0h:6m:38s left)
Optimizing NNI: done in 4.51213 secs using 397.2% CPU
Optimizing NNI: done in 4.43552 secs using 395.9% CPU
Optimizing NNI: done in 4.7977 secs using 397.5% CPU
Optimizing NNI: done in 4.10829 secs using 397.8% CPU
Optimizing NNI: done in 3.82553 secs using 399% CPU
Optimizing NNI: done in 4.74165 secs using 395% CPU
Optimizing NNI: done in 5.05048 secs using 397% CPU
Optimizing NNI: done in 5.59256 secs using 395% CPU
Optimizing NNI: done in 4.42605 secs using 399.6% CPU
Optimizing NNI: done in 4.12081 secs using 398.3% CPU
Iteration 290 / LogL: -44339.473 / Time: 0h:29m:15s (0h:5m:34s left)
Optimizing NNI: done in 4.95425 secs using 394.3% CPU
Optimizing NNI: done in 4.99783 secs using 398% CPU
Optimizing NNI: done in 3.8833 secs using 397.3% CPU
Optimizing NNI: done in 4.11837 secs using 398.2% CPU
Optimizing NNI: done in 4.40518 secs using 395.8% CPU
Optimizing NNI: done in 5.33491 secs using 396.6% CPU
Optimizing NNI: done in 5.21969 secs using 396.1% CPU
Optimizing NNI: done in 5.0754 secs using 399.4% CPU
Optimizing NNI: done in 4.10516 secs using 398% CPU
Optimizing NNI: done in 3.90964 secs using 397.5% CPU
Iteration 300 / LogL: -44760.365 / Time: 0h:30m:2s (0h:4m:31s left)
Optimizing NNI: done in 3.76455 secs using 399.1% CPU
Optimizing NNI: done in 6.34282 secs using 392% CPU
Optimizing NNI: done in 5.31189 secs using 391.9% CPU
Optimizing NNI: done in 5.09763 secs using 395.7% CPU
Optimizing NNI: done in 4.73773 secs using 397.8% CPU
Optimizing NNI: done in 14.9321 secs using 353.6% CPU
Optimizing NNI: done in 7.27774 secs using 390.7% CPU
Optimizing NNI: done in 5.43865 secs using 391.4% CPU
Optimizing NNI: done in 5.34338 secs using 394.8% CPU
Optimizing NNI: done in 5.82511 secs using 395.6% CPU
Iteration 310 / LogL: -44345.615 / Time: 0h:31m:7s (0h:3m:31s left)
Optimizing NNI: done in 4.42862 secs using 398.8% CPU
Optimizing NNI: done in 5.66251 secs using 397.7% CPU
Optimizing NNI: done in 3.98819 secs using 398.3% CPU
Optimizing NNI: done in 5.20856 secs using 398.2% CPU
Optimizing NNI: done in 6.18954 secs using 389.7% CPU
Optimizing NNI: done in 5.82935 secs using 391.6% CPU
Optimizing NNI: done in 4.77412 secs using 395.3% CPU
Optimizing NNI: done in 5.40907 secs using 395.1% CPU
Optimizing NNI: done in 4.66578 secs using 391.6% CPU
Optimizing NNI: done in 5.47092 secs using 394.5% CPU
Iteration 320 / LogL: -44369.790 / Time: 0h:31m:59s (0h:2m:30s left)
Optimizing NNI: done in 4.85718 secs using 395.6% CPU
Optimizing NNI: done in 7.6634 secs using 383.2% CPU
Optimizing NNI: done in 9.59099 secs using 379.1% CPU
Optimizing NNI: done in 5.38012 secs using 394.2% CPU
Optimizing NNI: done in 5.10963 secs using 392.5% CPU
Optimizing NNI: done in 4.61267 secs using 398.3% CPU
Optimizing NNI: done in 4.48067 secs using 395.9% CPU
Optimizing NNI: done in 5.00437 secs using 396% CPU
Optimizing NNI: done in 6.33871 secs using 394.5% CPU
Optimizing NNI: done in 7.97956 secs using 387.9% CPU
Iteration 330 / LogL: -44741.379 / Time: 0h:33m:1s (0h:1m:30s left)
Optimizing NNI: done in 7.48522 secs using 387.4% CPU
Optimizing NNI: done in 5.31798 secs using 391.1% CPU
Optimizing NNI: done in 4.84708 secs using 398.9% CPU
Optimizing NNI: done in 5.63814 secs using 393.8% CPU
Optimizing NNI: done in 3.8292 secs using 398.2% CPU
Optimizing NNI: done in 4.85317 secs using 395.9% CPU
Optimizing NNI: done in 4.19693 secs using 396% CPU
Optimizing NNI: done in 5.01179 secs using 397.2% CPU
Optimizing NNI: done in 4.39714 secs using 397.8% CPU
Optimizing NNI: done in 6.71674 secs using 393.4% CPU
Iteration 340 / LogL: -44346.491 / Time: 0h:33m:54s (0h:0m:30s left)
Optimizing NNI: done in 5.04705 secs using 395.2% CPU
Optimizing NNI: done in 5.57915 secs using 391.8% CPU
Optimizing NNI: done in 4.28538 secs using 397.5% CPU
Optimizing NNI: done in 4.66523 secs using 397.6% CPU
Optimizing NNI: done in 6.20738 secs using 389% CPU
Optimizing NNI: done in 4.64991 secs using 394.9% CPU
TREE SEARCH COMPLETED AFTER 346 ITERATIONS / Time: 0h:34m:25s

--------------------------------------------------------------------
|                    FINALIZING TREE SEARCH                        |
--------------------------------------------------------------------
Performs final model parameters optimization
Estimate model parameters (epsilon = 0.010)
1. Initial log-likelihood: -44339.351
Optimal log-likelihood: -44339.351
Rate parameters:  A-C: 1.09577  A-G: 9.16288  A-T: 1.29858  C-G: 0.36518  C-T: 26.31303  G-T: 1.00000
Base frequencies:  A: 0.268  C: 0.212  G: 0.290  T: 0.230
Proportion of invariable sites: 0.549
Gamma shape alpha: 1.546
Parameters optimization took 1 rounds (1.383 sec)
BEST SCORE FOUND : -44339.351

Testing tree branches by SH-like aLRT with 1000 replicates...
28.682 sec.
Total tree length: 0.727

Total number of iterations: 346
CPU time used for tree search: 7213.767 sec (2h:0m:13s)
Wall-clock time used for tree search: 1856.163 sec (0h:30m:56s)
Total CPU time used: 8141.748 sec (2h:15m:41s)
Total wall-clock time used: 2095.167 sec (0h:34m:55s)

Analysis results written to: 
  IQ-TREE report:                NCBIVirus_YFVSelectAlignedTrimmedSeqs.fasta.iqtree
  Maximum-likelihood tree:       NCBIVirus_YFVSelectAlignedTrimmedSeqs.fasta.treefile
  Likelihood distances:          NCBIVirus_YFVSelectAlignedTrimmedSeqs.fasta.mldist
  Screen log file:               NCBIVirus_YFVSelectAlignedTrimmedSeqs.fasta.log

ALISIM COMMAND
--------------
--alisim simulated_MSA -t NCBIVirus_YFVSelectAlignedTrimmedSeqs.fasta.treefile -m "GTR{1.09577,9.16288,1.29858,0.365176,26.313}+F{0.268461,0.211834,0.290131,0.229575}+I{0.548663}+G4{1.54582}" --length 10236

Date and Time: Tue Sep 13 12:48:12 2022
